<?xml version="1.0" encoding="UTF-8"?>
<testng-results skipped="0" failed="0" ignored="0" total="1" passed="1">
  <reporter-output>
  </reporter-output>
  <suite name="com.ubs.test.ExcelTest" duration-ms="106" started-at="2018-05-13T15:43:29Z" finished-at="2018-05-13T15:43:29Z">
    <groups>
    </groups>
    <test name="Command line test" duration-ms="106" started-at="2018-05-13T15:43:29Z" finished-at="2018-05-13T15:43:29Z">
      <class name="com.ubs.test.ExcelTest">
        <test-method status="PASS" signature="test1()[pri:0, instance:com.ubs.test.ExcelTest@7c75222b]" name="test1" duration-ms="32" started-at="2018-05-13T21:13:29Z" finished-at="2018-05-13T21:13:29Z">
          <reporter-output>
          </reporter-output>
        </test-method> <!-- test1 -->
      </class> <!-- com.ubs.test.ExcelTest -->
    </test> <!-- Command line test -->
  </suite> <!-- com.ubs.test.ExcelTest -->
</testng-results>
